{"/Users/shanqingtan/GitHub/events-calendar/webapp/test/login_test.js":{"path":"/Users/shanqingtan/GitHub/events-calendar/webapp/test/login_test.js","s":{"1":1,"2":2,"3":1,"4":1,"5":1,"6":6,"7":1,"8":5,"9":4,"10":1,"11":1,"12":1,"13":1,"14":1,"15":1,"16":1,"17":1,"18":1,"19":1,"20":1,"21":1,"22":1,"23":1,"24":1,"25":1,"26":1,"27":1},"b":{"1":[1,1],"2":[1,5],"3":[4,1],"4":[5,4,3,2]},"f":{"1":2,"2":6,"3":1,"4":1,"5":1,"6":1,"7":1,"8":1,"9":1,"10":1},"fnMap":{"1":{"name":"validateSignup","line":2,"loc":{"start":{"line":2,"column":0},"end":{"line":2,"column":28}}},"2":{"name":"new_account","line":11,"loc":{"start":{"line":11,"column":0},"end":{"line":11,"column":35}}},"3":{"name":"(anonymous_3)","line":17,"loc":{"start":{"line":17,"column":19},"end":{"line":17,"column":29}}},"4":{"name":"(anonymous_4)","line":18,"loc":{"start":{"line":18,"column":30},"end":{"line":18,"column":40}}},"5":{"name":"(anonymous_5)","line":19,"loc":{"start":{"line":19,"column":67},"end":{"line":19,"column":77}}},"6":{"name":"(anonymous_6)","line":22,"loc":{"start":{"line":22,"column":94},"end":{"line":22,"column":104}}},"7":{"name":"(anonymous_7)","line":26,"loc":{"start":{"line":26,"column":27},"end":{"line":26,"column":37}}},"8":{"name":"(anonymous_8)","line":27,"loc":{"start":{"line":27,"column":65},"end":{"line":27,"column":75}}},"9":{"name":"(anonymous_9)","line":30,"loc":{"start":{"line":30,"column":103},"end":{"line":30,"column":113}}},"10":{"name":"(anonymous_10)","line":36,"loc":{"start":{"line":36,"column":92},"end":{"line":36,"column":102}}}},"statementMap":{"1":{"start":{"line":2,"column":0},"end":{"line":9,"column":1}},"2":{"start":{"line":4,"column":4},"end":{"line":8,"column":5}},"3":{"start":{"line":5,"column":8},"end":{"line":5,"column":39}},"4":{"start":{"line":7,"column":8},"end":{"line":7,"column":20}},"5":{"start":{"line":11,"column":0},"end":{"line":15,"column":1}},"6":{"start":{"line":12,"column":4},"end":{"line":12,"column":36}},"7":{"start":{"line":12,"column":21},"end":{"line":12,"column":34}},"8":{"start":{"line":13,"column":4},"end":{"line":13,"column":87}},"9":{"start":{"line":13,"column":73},"end":{"line":13,"column":86}},"10":{"start":{"line":14,"column":4},"end":{"line":14,"column":15}},"11":{"start":{"line":16,"column":0},"end":{"line":16,"column":31}},"12":{"start":{"line":17,"column":0},"end":{"line":41,"column":3}},"13":{"start":{"line":18,"column":2},"end":{"line":25,"column":5}},"14":{"start":{"line":19,"column":4},"end":{"line":21,"column":7}},"15":{"start":{"line":20,"column":6},"end":{"line":20,"column":83}},"16":{"start":{"line":22,"column":4},"end":{"line":24,"column":7}},"17":{"start":{"line":23,"column":6},"end":{"line":23,"column":102}},"18":{"start":{"line":26,"column":2},"end":{"line":39,"column":5}},"19":{"start":{"line":27,"column":4},"end":{"line":29,"column":7}},"20":{"start":{"line":28,"column":6},"end":{"line":28,"column":119}},"21":{"start":{"line":30,"column":4},"end":{"line":35,"column":7}},"22":{"start":{"line":31,"column":6},"end":{"line":31,"column":121}},"23":{"start":{"line":32,"column":6},"end":{"line":32,"column":120}},"24":{"start":{"line":33,"column":6},"end":{"line":33,"column":105}},"25":{"start":{"line":34,"column":6},"end":{"line":34,"column":118}},"26":{"start":{"line":36,"column":4},"end":{"line":38,"column":7}},"27":{"start":{"line":37,"column":6},"end":{"line":37,"column":118}}},"branchMap":{"1":{"line":4,"type":"if","locations":[{"start":{"line":4,"column":4},"end":{"line":4,"column":4}},{"start":{"line":4,"column":4},"end":{"line":4,"column":4}}]},"2":{"line":12,"type":"if","locations":[{"start":{"line":12,"column":4},"end":{"line":12,"column":4}},{"start":{"line":12,"column":4},"end":{"line":12,"column":4}}]},"3":{"line":13,"type":"if","locations":[{"start":{"line":13,"column":4},"end":{"line":13,"column":4}},{"start":{"line":13,"column":4},"end":{"line":13,"column":4}}]},"4":{"line":13,"type":"binary-expr","locations":[{"start":{"line":13,"column":8},"end":{"line":13,"column":22}},{"start":{"line":13,"column":26},"end":{"line":13,"column":39}},{"start":{"line":13,"column":43},"end":{"line":13,"column":53}},{"start":{"line":13,"column":57},"end":{"line":13,"column":70}}]}}}}