TN:
SF:/Users/shanqingtan/GitHub/events-calendar/webapp/test/login_test.js
FN:2,validateSignup
FN:11,new_account
FN:17,(anonymous_3)
FN:18,(anonymous_4)
FN:19,(anonymous_5)
FN:22,(anonymous_6)
FN:26,(anonymous_7)
FN:27,(anonymous_8)
FN:30,(anonymous_9)
FN:36,(anonymous_10)
FNF:10
FNH:10
FNDA:2,validateSignup
FNDA:6,new_account
FNDA:1,(anonymous_3)
FNDA:1,(anonymous_4)
FNDA:1,(anonymous_5)
FNDA:1,(anonymous_6)
FNDA:1,(anonymous_7)
FNDA:1,(anonymous_8)
FNDA:1,(anonymous_9)
FNDA:1,(anonymous_10)
DA:2,1
DA:4,2
DA:5,1
DA:7,1
DA:11,1
DA:12,6
DA:13,5
DA:14,1
DA:16,1
DA:17,1
DA:18,1
DA:19,1
DA:20,1
DA:22,1
DA:23,1
DA:26,1
DA:27,1
DA:28,1
DA:30,1
DA:31,1
DA:32,1
DA:33,1
DA:34,1
DA:36,1
DA:37,1
LF:25
LH:25
BRDA:4,1,0,1
BRDA:4,1,1,1
BRDA:12,2,0,1
BRDA:12,2,1,5
BRDA:13,3,0,4
BRDA:13,3,1,1
BRDA:13,4,0,5
BRDA:13,4,1,4
BRDA:13,4,2,3
BRDA:13,4,3,2
BRF:10
BRH:10
end_of_record
